
> @heys/storage@14.0.0 build /Users/poplavskijanton/HEYS-v2/packages/storage
> tsup

CLI Building entry: src/index.ts
CLI Using tsconfig: tsconfig.json
CLI tsup v7.3.0
CLI Using tsup config: /Users/poplavskijanton/HEYS-v2/packages/storage/tsup.config.ts
CLI Target: es2022
CLI Cleaning output folder
CJS Build start
ESM Build start

 WARN  [33m▲ [43;33m[[43;30mWARNING[43;33m][0m [1mThe CommonJS "module" variable is treated as a global variable in an ECMAScript module and may not work as expected[0m [commonjs-variable-in-esm]

    ../logger/dist/index.js:226:2:
[37m      226 │   [32mmodule[37m.exports = {
          ╵   [32m~~~~~~[0m

  This file is considered to be an ECMAScript module because of the "export" keyword here:

    ../logger/dist/index.js:598:0:
[37m      598 │ [32mexport[37m {
          ╵ [32m~~~~~~[0m




 WARN  [33m▲ [43;33m[[43;30mWARNING[43;33m][0m [1mThe CommonJS "module" variable is treated as a global variable in an ECMAScript module and may not work as expected[0m [commonjs-variable-in-esm]

    ../logger/dist/index.js:226:2:
[37m      226 │   [32mmodule[37m.exports = {
          ╵   [32m~~~~~~[0m

  This file is considered to be an ECMAScript module because of the "export" keyword here:

    ../logger/dist/index.js:598:0:
[37m      598 │ [32mexport[37m {
          ╵ [32m~~~~~~[0m



Entry module "dist/index.cjs" is using named and default exports together. Consumers of your bundle will have to use `chunk.default` to access the default export, which may not be what you want. Use `output.exports: "named"` to disable this warning.
CJS dist/index.cjs     74.26 KB
CJS dist/index.cjs.map 274.48 KB
CJS ⚡️ Build success in 4713ms
ESM dist/index.js     74.16 KB
ESM dist/index.js.map 274.48 KB
ESM ⚡️ Build success in 4712ms
