
> @heys/web@13.0.1 build /Users/poplavskijanton/HEYS-v2/apps/web
> vite build

polyfillModulePreload is deprecated. Use modulePreload.polyfill instead.
vite v4.5.14 building for production...
<script src="heys_simple_analytics.js"> in "/index.html" can't be bundled without type="module" attribute
<script src="heys_core_v12.js"> in "/index.html" can't be bundled without type="module" attribute
<script src="heys_storage_supabase_v1.js?v=15"> in "/index.html" can't be bundled without type="module" attribute
<script src="heys_models_v1.js?v=1"> in "/index.html" can't be bundled without type="module" attribute
<script src="heys_storage_layer_v1.js?v=1"> in "/index.html" can't be bundled without type="module" attribute
<script src="heys_day_v12.js?v=2"> in "/index.html" can't be bundled without type="module" attribute
<script src="heys_user_v12.js"> in "/index.html" can't be bundled without type="module" attribute
<script src="heys_reports_v12.js"> in "/index.html" can't be bundled without type="module" attribute
transforming...
✓ 3 modules transformed.
[plugin:vite:resolve] Module "events" has been externalized for browser compatibility, imported by "/Users/poplavskijanton/HEYS-v2/packages/shared/dist/index.js". See http://vitejs.dev/guide/troubleshooting.html#module-externalized-for-browser-compatibility for more details.
Generated an empty chunk: "react".
Generated an empty chunk: "vendor".
Generated an empty chunk: "features".
Generated an empty chunk: "core".
rendering chunks...
computing gzip size...
dist/assets/heys_simple_analytics-4f0088c0.js      7.27 kB
dist/assets/heys_models_v1-38234cc6.js            11.30 kB
dist/assets/heys_storage_supabase_v1-99243af0.js  26.20 kB
dist/index.html                                   42.82 kB │ gzip: 8.28 kB
dist/assets/heys_core_v12-832be2a9.js             43.18 kB
dist/assets/index-ba0dbd15.css                    14.79 kB │ gzip: 3.75 kB
dist/assets/core-4ed993c7.js                       0.00 kB │ gzip: 0.02 kB │ map: 0.10 kB
dist/assets/features-4ed993c7.js                   0.00 kB │ gzip: 0.02 kB │ map: 0.10 kB
dist/assets/vendor-4ed993c7.js                     0.00 kB │ gzip: 0.02 kB │ map: 0.10 kB
dist/assets/react-4ed993c7.js                      0.00 kB │ gzip: 0.02 kB │ map: 0.10 kB
✓ built in 1.46s
