
> @heys/ui@14.0.0 build C:\Users\Ant\HEYS-v2\packages\ui
> tsup

[34mCLI[39m Building entry: src/index.ts
[34mCLI[39m Using tsconfig: tsconfig.json
[34mCLI[39m tsup v7.3.0
[34mCLI[39m Using tsup config: C:\Users\Ant\HEYS-v2\packages\ui\tsup.config.ts
[34mCLI[39m Target: es2022
[34mCLI[39m Cleaning output folder
[34mCJS[39m Build start
[34mESM[39m Build start

 WARN  [33m▲ [43;33m[[43;30mWARNING[43;33m][0m [1mThe CommonJS "module" variable is treated as a global variable in an ECMAScript module and may not work as expected[0m [commonjs-variable-in-esm]

    ../logger/dist/index.js:226:2:
[37m      226 │   [32mmodule[37m.exports = {
          ╵   [32m~~~~~~[0m

  This file is considered to be an ECMAScript module because of the "export" keyword here:

    ../logger/dist/index.js:598:0:
[37m      598 │ [32mexport[37m {
          ╵ [32m~~~~~~[0m




 WARN  [33m▲ [43;33m[[43;30mWARNING[43;33m][0m [1mThe CommonJS "module" variable is treated as a global variable in an ECMAScript module and may not work as expected[0m [commonjs-variable-in-esm]

    ../logger/dist/index.js:226:2:
[37m      226 │   [32mmodule[37m.exports = {
          ╵   [32m~~~~~~[0m

  This file is considered to be an ECMAScript module because of the "export" keyword here:

    ../logger/dist/index.js:598:0:
[37m      598 │ [32mexport[37m {
          ╵ [32m~~~~~~[0m



[32mESM[39m [1mdist\index.js     [22m[32m75.55 KB[39m
[32mESM[39m [1mdist\index.js.map [22m[32m278.84 KB[39m
[32mESM[39m ⚡️ Build success in 1722ms
[32mCJS[39m [1mdist\index.cjs     [22m[32m76.15 KB[39m
[32mCJS[39m [1mdist\index.cjs.map [22m[32m278.84 KB[39m
[32mCJS[39m ⚡️ Build success in 1724ms
