
> @heys/analytics@14.0.0 build /home/runner/work/HEYS-v2/HEYS-v2/packages/analytics
> tsup

[34mCLI[39m Building entry: src/index.ts
[34mCLI[39m Using tsconfig: tsconfig.json
[34mCLI[39m tsup v7.3.0
[34mCLI[39m Using tsup config: /home/runner/work/HEYS-v2/HEYS-v2/packages/analytics/tsup.config.ts
[34mCLI[39m Target: es2022
[34mCLI[39m Cleaning output folder
[34mCJS[39m Build start
[34mESM[39m Build start
[warn] [33m▲ [43;33m[[43;30mWARNING[43;33m][0m [1mThe CommonJS "module" variable is treated as a global variable in an ECMAScript module and may not work as expected[0m [commonjs-variable-in-esm]

    ../../levels.config.js:251:2:
[37m      251 │   [32mmodule[37m.exports = {
          ╵   [32m~~~~~~[0m

  This file is considered to be an ECMAScript module because of the "export" keyword here:

    ../../levels.config.js:219:0:
[37m      219 │ [32mexport[37m const DEFAULT_CONFIG = {
          ╵ [32m~~~~~~[0m


[warn] [33m▲ [43;33m[[43;30mWARNING[43;33m][0m [1mThe CommonJS "module" variable is treated as a global variable in an ECMAScript module and may not work as expected[0m [commonjs-variable-in-esm]

    ../../levels.config.js:251:2:
[37m      251 │   [32mmodule[37m.exports = {
          ╵   [32m~~~~~~[0m

  This file is considered to be an ECMAScript module because of the "export" keyword here:

    ../../levels.config.js:219:0:
[37m      219 │ [32mexport[37m const DEFAULT_CONFIG = {
          ╵ [32m~~~~~~[0m


[32mESM[39m [1mdist/index.js     [22m[32m69.30 KB[39m
[32mESM[39m [1mdist/index.js.map [22m[32m258.64 KB[39m
[32mESM[39m ⚡️ Build success in 927ms
[32mCJS[39m [1mdist/index.cjs     [22m[32m69.56 KB[39m
[32mCJS[39m [1mdist/index.cjs.map [22m[32m258.64 KB[39m
[32mCJS[39m ⚡️ Build success in 927ms
